<?xml version="1.0" encoding="UTF-8"?>
<testsuite xmlns:xsi="http://www.w3.org/2001/XMLSchema-instance" xsi:noNamespaceSchemaLocation="https://maven.apache.org/surefire/maven-surefire-plugin/xsd/surefire-test-report.xsd" name="com.easy.job.core.EasyJobCoreApplicationTests" time="0.221" tests="1" errors="1" skipped="0" failures="0">
  <properties>
[...]
</properties>
  <testcase name="com.easy.job.core.EasyJobCoreApplicationTests" classname="com.easy.job.core.EasyJobCoreApplicationTests" time="0.219">
    <error message="Unable to find a @SpringBootConfiguration, you need to use @ContextConfiguration or @SpringBootTest(classes=...) with your test" type="java.lang.IllegalStateException">java.lang.IllegalStateException: Unable to find a @SpringBootConfiguration, you need to use @ContextConfiguration or @SpringBootTest(classes=...) with your test
</error>
    <system-out><![CDATA[18:19:05.569 [main] DEBUG org.springframework.test.context.BootstrapUtils - Instantiating CacheAwareContextLoaderDelegate from class [org.springframework.test.context.cache.DefaultCacheAwareContextLoaderDelegate]
18:19:05.579 [main] DEBUG org.springframework.test.context.BootstrapUtils - Instantiating BootstrapContext using constructor [public org.springframework.test.context.support.DefaultBootstrapContext(java.lang.Class,org.springframework.test.context.CacheAwareContextLoaderDelegate)]
18:19:05.612 [main] DEBUG org.springframework.test.context.BootstrapUtils - Instantiating TestContextBootstrapper for test class [com.easy.job.core.EasyJobCoreApplicationTests] from class [org.springframework.boot.test.context.SpringBootTestContextBootstrapper]
18:19:05.625 [main] INFO org.springframework.boot.test.context.SpringBootTestContextBootstrapper - Neither @ContextConfiguration nor @ContextHierarchy found for test class [com.easy.job.core.EasyJobCoreApplicationTests], using SpringBootContextLoader
18:19:05.628 [main] DEBUG org.springframework.test.context.support.AbstractContextLoader - Did not detect default resource location for test class [com.easy.job.core.EasyJobCoreApplicationTests]: class path resource [com/easy/job/core/EasyJobCoreApplicationTests-context.xml] does not exist
18:19:05.628 [main] DEBUG org.springframework.test.context.support.AbstractContextLoader - Did not detect default resource location for test class [com.easy.job.core.EasyJobCoreApplicationTests]: class path resource [com/easy/job/core/EasyJobCoreApplicationTestsContext.groovy] does not exist
18:19:05.628 [main] INFO org.springframework.test.context.support.AbstractContextLoader - Could not detect default resource locations for test class [com.easy.job.core.EasyJobCoreApplicationTests]: no resource found for suffixes {-context.xml, Context.groovy}.
18:19:05.629 [main] INFO org.springframework.test.context.support.AnnotationConfigContextLoaderUtils - Could not detect default configuration classes for test class [com.easy.job.core.EasyJobCoreApplicationTests]: EasyJobCoreApplicationTests does not declare any static, non-private, non-final, nested classes annotated with @Configuration.
18:19:05.674 [main] DEBUG org.springframework.test.context.support.ActiveProfilesUtils - Could not find an 'annotation declaring class' for annotation type [org.springframework.test.context.ActiveProfiles] and class [com.easy.job.core.EasyJobCoreApplicationTests]
]]></system-out>
  </testcase>
</testsuite>